
~~~~~~~~~~~~~~~~~~~~~~~~~~~~~~~~~~~~~~~~~~~~~~~~~~~~~~~~~~~~~~~~~~~~~~~~~~~~~~~~
STANDARD DECK - 5 CARDS (Traditional Poker)
~~~~~~~~~~~~~~~~~~~~~~~~~~~~~~~~~~~~~~~~~~~~~~~~~~~~~~~~~~~~~~~~~~~~~~~~~~~~~~~~

Standard Deck (13 ranks × 4 suits × 1 copies = 52 cards)
Hand size: 5 cards
Total possible hands: 2,598,960

Deck properties:
  - Cards per rank: 4
  - Cards per suit: 13

HAND TYPE COUNTS (with overlaps)
At least one pair          1,281,072 hands  ( 49.29%)
At least two pair            127,296 hands  (  4.90%)
At least 3 of a kind          59,280 hands  (  2.28%)
Full house                     3,744 hands  (  0.14%)
Straight                      10,240 hands  (  0.39%)
Flush                          5,148 hands  (  0.20%)
At least 4 of a kind             624 hands  (  0.02%)
Straight flush                    40 hands  (  0.00%)

Sum of probabilities: 57.2% (overlaps cause >100%)

RARITY RANKING (rarest to most common)
1. Straight flush            0.0015%  (1 in 64,974)
2. At least 4 of a kind      0.0240%  (1 in 4,165)
3. Full house                0.1441%  (1 in 694)
4. Flush                     0.1981%  (1 in 505)
5. Straight                  0.3940%  (1 in 254)
6. At least 3 of a kind      2.2809%  (1 in 44)
7. At least two pair         4.8980%  (1 in 20)
8. At least one pair         49.2917%  (1 in 2)

~~~~~~~~~~~~~~~~~~~~~~~~~~~~~~~~~~~~~~~~~~~~~~~~~~~~~~~~~~~~~~~~~~~~~~~~~~~~~~~~
STANDARD DECK - 7 CARDS (Texas Hold'em)
~~~~~~~~~~~~~~~~~~~~~~~~~~~~~~~~~~~~~~~~~~~~~~~~~~~~~~~~~~~~~~~~~~~~~~~~~~~~~~~~

Standard Deck (13 ranks × 4 suits × 1 copies = 52 cards)
Hand size: 7 cards
Total possible hands: 133,784,560

Deck properties:
  - Cards per rank: 4
  - Cards per suit: 13

HAND TYPE COUNTS (with overlaps)
At least one pair         105,669,616 hands  ( 78.98%)
At least two pair         35,638,512 hands  ( 26.64%)
At least 3 of a kind      10,287,472 hands  (  7.69%)
Full house                 3,514,992 hands  (  2.63%)
Straight                   5,079,040 hands  (  3.80%)
Flush                      3,814,668 hands  (  2.85%)
At least 4 of a kind         224,848 hands  (  0.17%)
Straight flush                43,240 hands  (  0.03%)

Sum of probabilities: 122.8% (overlaps cause >100%)

RARITY RANKING (rarest to most common)
1. Straight flush            0.0323%  (1 in 3,094)
2. At least 4 of a kind      0.1681%  (1 in 595)
3. Full house                2.6274%  (1 in 38)
4. Flush                     2.8514%  (1 in 35)
5. Straight                  3.7964%  (1 in 26)
6. At least 3 of a kind      7.6896%  (1 in 13)
7. At least two pair         26.6387%  (1 in 4)
8. At least one pair         78.9849%  (1 in 1)

~~~~~~~~~~~~~~~~~~~~~~~~~~~~~~~~~~~~~~~~~~~~~~~~~~~~~~~~~~~~~~~~~~~~~~~~~~~~~~~~
PINOCHLE DECK - 5 CARDS
~~~~~~~~~~~~~~~~~~~~~~~~~~~~~~~~~~~~~~~~~~~~~~~~~~~~~~~~~~~~~~~~~~~~~~~~~~~~~~~~

Pinochle Deck (6 ranks × 4 suits × 2 copies = 48 cards)
Hand size: 5 cards
Total possible hands: 1,712,304

Deck properties:
  - Cards per rank: 8
  - Cards per suit: 12

HAND TYPE COUNTS (with overlaps)
At least one pair          1,515,696 hands  ( 88.52%)
At least two pair            423,360 hands  ( 24.72%)
At least 3 of a kind         279,216 hands  ( 16.31%)
Full house                    47,040 hands  (  2.75%)
Straight                      65,536 hands  (  3.83%)
Flush                          3,168 hands  (  0.19%)
At least 4 of a kind          17,136 hands  (  1.00%)
Straight flush                   256 hands  (  0.01%)
5 of a kind                      336 hands  (  0.02%)

Sum of probabilities: 137.3% (overlaps cause >100%)

RARITY RANKING (rarest to most common)
1. Straight flush            0.0150%  (1 in 6,689)
2. 5 of a kind               0.0196%  (1 in 5,096)
3. Flush                     0.1850%  (1 in 540)
4. At least 4 of a kind      1.0008%  (1 in 100)
5. Full house                2.7472%  (1 in 36)
6. Straight                  3.8274%  (1 in 26)
7. At least 3 of a kind      16.3065%  (1 in 6)
8. At least two pair         24.7246%  (1 in 4)
9. At least one pair         88.5179%  (1 in 1)

~~~~~~~~~~~~~~~~~~~~~~~~~~~~~~~~~~~~~~~~~~~~~~~~~~~~~~~~~~~~~~~~~~~~~~~~~~~~~~~~
SHORT-DECK - 5 CARDS
~~~~~~~~~~~~~~~~~~~~~~~~~~~~~~~~~~~~~~~~~~~~~~~~~~~~~~~~~~~~~~~~~~~~~~~~~~~~~~~~

Short-Deck Poker (9 ranks × 4 suits × 1 copies = 36 cards)
Hand size: 5 cards
Total possible hands: 376,992

Deck properties:
  - Cards per rank: 4
  - Cards per suit: 9

HAND TYPE COUNTS (with overlaps)
At least one pair            247,968 hands  ( 65.78%)
At least two pair             38,016 hands  ( 10.08%)
At least 3 of a kind          18,144 hands  (  4.81%)
Full house                     1,728 hands  (  0.46%)
Straight                       5,120 hands  (  1.36%)
Flush                            504 hands  (  0.13%)
At least 4 of a kind             288 hands  (  0.08%)
Straight flush                    20 hands  (  0.01%)

Sum of probabilities: 82.7% (overlaps cause >100%)

RARITY RANKING (rarest to most common)
1. Straight flush            0.0053%  (1 in 18,850)
2. At least 4 of a kind      0.0764%  (1 in 1,309)
3. Flush                     0.1337%  (1 in 748)
4. Full house                0.4584%  (1 in 218)
5. Straight                  1.3581%  (1 in 74)
6. At least 3 of a kind      4.8128%  (1 in 21)
7. At least two pair         10.0840%  (1 in 10)
8. At least one pair         65.7754%  (1 in 2)

~~~~~~~~~~~~~~~~~~~~~~~~~~~~~~~~~~~~~~~~~~~~~~~~~~~~~~~~~~~~~~~~~~~~~~~~~~~~~~~~
STANDARD DECK - 10 CARDS (Wacky Poker)
~~~~~~~~~~~~~~~~~~~~~~~~~~~~~~~~~~~~~~~~~~~~~~~~~~~~~~~~~~~~~~~~~~~~~~~~~~~~~~~~

Standard Deck (13 ranks × 4 suits × 1 copies = 52 cards)
Hand size: 10 cards
Total possible hands: 15,820,024,220

Deck properties:
  - Cards per rank: 4
  - Cards per suit: 13

HAND TYPE COUNTS (with overlaps)
At least one pair         15,520,131,484 hands  ( 98.10%)
At least two pair         12,265,826,716 hands  ( 77.53%)
At least 3 of a kind      3,811,231,996 hands  ( 24.09%)
Full house                3,087,272,188 hands  ( 19.51%)
Straight                  2,062,090,240 hands  ( 13.03%)
Flush                     2,963,997,036 hands  ( 18.74%)
At least 4 of a kind      159,455,868 hands  (  1.01%)
Straight flush            61,357,560 hands  (  0.39%)

Sum of probabilities: 252.4% (overlaps cause >100%)

RARITY RANKING (rarest to most common)
1. Straight flush            0.3878%  (1 in 258)
2. At least 4 of a kind      1.0079%  (1 in 99)
3. Straight                  13.0347%  (1 in 8)
4. Flush                     18.7357%  (1 in 5)
5. Full house                19.5150%  (1 in 5)
6. At least 3 of a kind      24.0912%  (1 in 4)
7. At least two pair         77.5336%  (1 in 1)
8. At least one pair         98.1043%  (1 in 1)
